<?xml version="1.0" encoding="UTF-8"?>
<!-- Generated by org.testng.reporters.JUnitXMLReporter -->
<testsuite ignored="1" hostname="mechcl3pc029" failures="0" tests="1" name="Default test" time="1.481" errors="0" timestamp="2022-08-12T15:33:37 IST">
  <testcase classname="com.inetBanking.testCases.TC_LoginTest_DDT_002" name="getData" time="1.393"/>
  <testcase classname="com.inetBanking.testCases.TC_LoginTest_DDT_002" name="loginTestDDT" time="0.0">
    <ignored/>
  </testcase> <!-- loginTestDDT -->
</testsuite> <!-- Default test -->
