<?xml version="1.0" encoding="UTF-8"?>
<!-- Generated by org.testng.reporters.JUnitXMLReporter -->
<testsuite ignored="0" hostname="mechcl3pc029" failures="2" tests="5" name="Test" time="65.639" errors="0" timestamp="2022-08-12T16:44:59 IST">
  <testcase classname="com.inetBanking.testCases.TC_LoginTest_DDT_002" name="loginTestDDT" time="7.199">
    <failure type="java.lang.AssertionError" message="expected [true] but found [false]">
      <![CDATA[java.lang.AssertionError: expected [true] but found [false]
at com.inetBanking.testCases.TC_LoginTest_DDT_002.loginTestDDT(TC_LoginTest_DDT_002.java:24)
at java.base/java.util.ArrayList.forEach(ArrayList.java:1511)
... Removed 29 stack frames]]>
    </failure>
  </testcase> <!-- loginTestDDT -->
  <testcase classname="com.inetBanking.testCases.TC_LoginTest_DDT_002" name="loginTestDDT" time="9.351"/>
  <testcase classname="com.inetBanking.testCases.TC_LoginTest_DDT_002" name="loginTestDDT" time="7.181">
    <failure type="java.lang.AssertionError" message="expected [true] but found [false]">
      <![CDATA[java.lang.AssertionError: expected [true] but found [false]
at com.inetBanking.testCases.TC_LoginTest_DDT_002.loginTestDDT(TC_LoginTest_DDT_002.java:24)
at java.base/java.util.ArrayList.forEach(ArrayList.java:1511)
... Removed 29 stack frames]]>
    </failure>
  </testcase> <!-- loginTestDDT -->
  <testcase classname="com.inetBanking.testCases.TC_LoginTest_DDT_002" name="loginTestDDT" time="8.955"/>
  <testcase classname="com.inetBanking.testCases.TC_LoginTest" name="loginTest" time="9.054"/>
</testsuite> <!-- Test -->
