<?xml version="1.0" encoding="UTF-8"?>
<testng-results ignored="0" total="1" passed="1" failed="0" skipped="0">
  <reporter-output>
  </reporter-output>
  <suite started-at="2022-08-18T15:09:31 IST" name="InetBankingV1" finished-at="2022-08-18T15:10:06 IST" duration-ms="34918">
    <groups>
    </groups>
    <test started-at="2022-08-18T15:09:31 IST" name="Test" finished-at="2022-08-18T15:10:06 IST" duration-ms="34918">
      <class name="com.inetBanking.testCases.TC_AddCustomerTest_003">
        <test-method is-config="true" signature="setUp(java.lang.String)[pri:0, instance:com.inetBanking.testCases.TC_AddCustomerTest_003@342c38f8]" started-at="2022-08-18T15:09:32 IST" name="setUp" finished-at="2022-08-18T15:09:40 IST" duration-ms="8326" status="PASS">
          <params>
            <param index="0">
              <value>
                <![CDATA[chrome]]>
              </value>
            </param>
          </params>
          <reporter-output>
          </reporter-output>
        </test-method> <!-- setUp -->
        <test-method signature="addNewCustomer()[pri:0, instance:com.inetBanking.testCases.TC_AddCustomerTest_003@342c38f8]" started-at="2022-08-18T15:09:40 IST" name="addNewCustomer" finished-at="2022-08-18T15:10:05 IST" duration-ms="25581" status="PASS">
          <reporter-output>
          </reporter-output>
        </test-method> <!-- addNewCustomer -->
      </class> <!-- com.inetBanking.testCases.TC_AddCustomerTest_003 -->
    </test> <!-- Test -->
  </suite> <!-- InetBankingV1 -->
</testng-results>
